<?xml version="1.0" encoding="UTF-8"?>
<!-- Generated by org.testng.reporters.JUnitXMLReporter -->
<testsuite ignored="5" hostname="LAPTOP-55P5JAS8" failures="0" tests="2" name="Default test" time="7.453" errors="0" timestamp="2024-05-13T18:05:59 IST">
  <testcase classname="com.ShoppersStack.ApiTestScripts.ShoppersAddress_1" name="login" time="5.71"/>
  <testcase classname="com.ShoppersStack.ApiTestScripts.ShoppersAddress_1" name="addNewAddress" time="1.645"/>
  <testcase classname="com.ShoppersStack.ApiTestScripts.ShoppersAddress_1" name="getAllAdress" time="0.0">
    <ignored/>
  </testcase> <!-- getAllAdress -->
  <testcase classname="com.ShoppersStack.ApiTestScripts.ShoppersAddress_1" name="getPerticularAdress1" time="0.0">
    <ignored/>
  </testcase> <!-- getPerticularAdress1 -->
  <testcase classname="com.ShoppersStack.ApiTestScripts.ShoppersAddress_1" name="updateAdress" time="0.0">
    <ignored/>
  </testcase> <!-- updateAdress -->
  <testcase classname="com.ShoppersStack.ApiTestScripts.ShoppersAddress_1" name="deleteAnAddress" time="0.0">
    <ignored/>
  </testcase> <!-- deleteAnAddress -->
  <testcase classname="com.ShoppersStack.ApiTestScripts.ShoppersAddress_1" name="getPerticularAdress2" time="0.0">
    <ignored/>
  </testcase> <!-- getPerticularAdress2 -->
</testsuite> <!-- Default test -->
